<?xml version="1.0" encoding="UTF-8"?>
<!-- Generated by org.testng.reporters.JUnitReportReporter -->
<testsuite hostname="DESKTOP-GVH46HA" failures="0" tests="1" name="automationapril.NewTest" time="0.045" errors="0" timestamp="2022-05-19T07:33:33 IST" skipped="0">
  <testcase classname="automationapril.NewTest" name="first" time="0.045"/>
  <system-out/>
</testsuite> <!-- automationapril.NewTest -->
